This is pdfTeX, Version 3.141592653-2.6-1.40.25 (MiKTeX 24.1) (preloaded format=pdflatex 2024.9.29)  20 OCT 2024 02:00
entering extended mode
 restricted \write18 enabled.
 file:line:error style messages enabled.
 %&-line parsing enabled.
**c:/Users/С‚Р°С€Р°/РїСЂРѕР¶СЌРєС‚С‹/abstract/mathcol/РјР°С‚Р°РЅ.tex
(c:/Users/С‚Р°С€Р°/РїСЂРѕР¶СЌРєС‚С‹/abstract/mathcol/РјР°С‚Р°РЅ.tex
LaTeX2e <2023-11-01> patch level 1
L3 programming layer <2024-01-04>
(C:\Users\С‚Р°С€Р°\AppData\Local\Programs\MiKTeX\tex/latex/base\article.cls
Document Class: article 2023/05/17 v1.4n Standard LaTeX document class
(C:\Users\С‚Р°С€Р°\AppData\Local\Programs\MiKTeX\tex/latex/base\size10.clo
File: size10.clo 2023/05/17 v1.4n Standard LaTeX file (size option)
)
\c@part=\count187
\c@section=\count188
\c@subsection=\count189
\c@subsubsection=\count190
\c@paragraph=\count191
\c@subparagraph=\count192
\c@figure=\count193
\c@table=\count194
\abovecaptionskip=\skip48
\belowcaptionskip=\skip49
\bibindent=\dimen140
) (C:\Users\С‚Р°С€Р°\AppData\Local\Programs\MiKTeX\tex/latex/base\fontenc.sty
Package: fontenc 2021/04/29 v2.0v Standard LaTeX package
 (C:\Users\С‚Р°С€Р°\AppData\Local\Programs\MiKTeX\tex/latex/cyrillic\t2aenc.def
File: t2aenc.def 2023/11/07 v1.0k Cyrillic encoding definition file
Now handling font encoding T2A ...
... processing UTF-8 mapping file for font encoding T2A
 (C:\Users\С‚Р°С€Р°\AppData\Local\Programs\MiKTeX\tex/latex/base\t2aenc.dfu
File: t2aenc.dfu 2022/06/07 v1.3c UTF-8 support
   defining Unicode char U+00A4 (decimal 164)
   defining Unicode char U+00A7 (decimal 167)
   defining Unicode char U+00AB (decimal 171)
   defining Unicode char U+00BB (decimal 187)
   defining Unicode char U+0131 (decimal 305)
   defining Unicode char U+0237 (decimal 567)
   defining Unicode char U+0400 (decimal 1024)
   defining Unicode char U+0401 (decimal 1025)
   defining Unicode char U+0402 (decimal 1026)
   defining Unicode char U+0403 (decimal 1027)
   defining Unicode char U+0404 (decimal 1028)
   defining Unicode char U+0405 (decimal 1029)
   defining Unicode char U+0406 (decimal 1030)
   defining Unicode char U+0407 (decimal 1031)
   defining Unicode char U+0408 (decimal 1032)
   defining Unicode char U+0409 (decimal 1033)
   defining Unicode char U+040A (decimal 1034)
   defining Unicode char U+040B (decimal 1035)
   defining Unicode char U+040C (decimal 1036)
   defining Unicode char U+040D (decimal 1037)
   defining Unicode char U+040E (decimal 1038)
   defining Unicode char U+040F (decimal 1039)
   defining Unicode char U+0410 (decimal 1040)
   defining Unicode char U+0411 (decimal 1041)
   defining Unicode char U+0412 (decimal 1042)
   defining Unicode char U+0413 (decimal 1043)
   defining Unicode char U+0414 (decimal 1044)
   defining Unicode char U+0415 (decimal 1045)
   defining Unicode char U+0416 (decimal 1046)
   defining Unicode char U+0417 (decimal 1047)
   defining Unicode char U+0418 (decimal 1048)
   defining Unicode char U+0419 (decimal 1049)
   defining Unicode char U+041A (decimal 1050)
   defining Unicode char U+041B (decimal 1051)
   defining Unicode char U+041C (decimal 1052)
   defining Unicode char U+041D (decimal 1053)
   defining Unicode char U+041E (decimal 1054)
   defining Unicode char U+041F (decimal 1055)
   defining Unicode char U+0420 (decimal 1056)
   defining Unicode char U+0421 (decimal 1057)
   defining Unicode char U+0422 (decimal 1058)
   defining Unicode char U+0423 (decimal 1059)
   defining Unicode char U+0424 (decimal 1060)
   defining Unicode char U+0425 (decimal 1061)
   defining Unicode char U+0426 (decimal 1062)
   defining Unicode char U+0427 (decimal 1063)
   defining Unicode char U+0428 (decimal 1064)
   defining Unicode char U+0429 (decimal 1065)
   defining Unicode char U+042A (decimal 1066)
   defining Unicode char U+042B (decimal 1067)
   defining Unicode char U+042C (decimal 1068)
   defining Unicode char U+042D (decimal 1069)
   defining Unicode char U+042E (decimal 1070)
   defining Unicode char U+042F (decimal 1071)
   defining Unicode char U+0430 (decimal 1072)
   defining Unicode char U+0431 (decimal 1073)
   defining Unicode char U+0432 (decimal 1074)
   defining Unicode char U+0433 (decimal 1075)
   defining Unicode char U+0434 (decimal 1076)
   defining Unicode char U+0435 (decimal 1077)
   defining Unicode char U+0436 (decimal 1078)
   defining Unicode char U+0437 (decimal 1079)
   defining Unicode char U+0438 (decimal 1080)
   defining Unicode char U+0439 (decimal 1081)
   defining Unicode char U+043A (decimal 1082)
   defining Unicode char U+043B (decimal 1083)
   defining Unicode char U+043C (decimal 1084)
   defining Unicode char U+043D (decimal 1085)
   defining Unicode char U+043E (decimal 1086)
   defining Unicode char U+043F (decimal 1087)
   defining Unicode char U+0440 (decimal 1088)
   defining Unicode char U+0441 (decimal 1089)
   defining Unicode char U+0442 (decimal 1090)
   defining Unicode char U+0443 (decimal 1091)
   defining Unicode char U+0444 (decimal 1092)
   defining Unicode char U+0445 (decimal 1093)
   defining Unicode char U+0446 (decimal 1094)
   defining Unicode char U+0447 (decimal 1095)
   defining Unicode char U+0448 (decimal 1096)
   defining Unicode char U+0449 (decimal 1097)
   defining Unicode char U+044A (decimal 1098)
   defining Unicode char U+044B (decimal 1099)
   defining Unicode char U+044C (decimal 1100)
   defining Unicode char U+044D (decimal 1101)
   defining Unicode char U+044E (decimal 1102)
   defining Unicode char U+044F (decimal 1103)
   defining Unicode char U+0450 (decimal 1104)
   defining Unicode char U+0451 (decimal 1105)
   defining Unicode char U+0452 (decimal 1106)
   defining Unicode char U+0453 (decimal 1107)
   defining Unicode char U+0454 (decimal 1108)
   defining Unicode char U+0455 (decimal 1109)
   defining Unicode char U+0456 (decimal 1110)
   defining Unicode char U+0457 (decimal 1111)
   defining Unicode char U+0458 (decimal 1112)
   defining Unicode char U+0459 (decimal 1113)
   defining Unicode char U+045A (decimal 1114)
   defining Unicode char U+045B (decimal 1115)
   defining Unicode char U+045C (decimal 1116)
   defining Unicode char U+045D (decimal 1117)
   defining Unicode char U+045E (decimal 1118)
   defining Unicode char U+045F (decimal 1119)
   defining Unicode char U+0490 (decimal 1168)
   defining Unicode char U+0491 (decimal 1169)
   defining Unicode char U+0492 (decimal 1170)
   defining Unicode char U+0493 (decimal 1171)
   defining Unicode char U+0496 (decimal 1174)
   defining Unicode char U+0497 (decimal 1175)
   defining Unicode char U+0498 (decimal 1176)
   defining Unicode char U+0499 (decimal 1177)
   defining Unicode char U+049A (decimal 1178)
   defining Unicode char U+049B (decimal 1179)
   defining Unicode char U+049C (decimal 1180)
   defining Unicode char U+049D (decimal 1181)
   defining Unicode char U+04A0 (decimal 1184)
   defining Unicode char U+04A1 (decimal 1185)
   defining Unicode char U+04A2 (decimal 1186)
   defining Unicode char U+04A3 (decimal 1187)
   defining Unicode char U+04A4 (decimal 1188)
   defining Unicode char U+04A5 (decimal 1189)
   defining Unicode char U+04AA (decimal 1194)
   defining Unicode char U+04AB (decimal 1195)
   defining Unicode char U+04AE (decimal 1198)
   defining Unicode char U+04AF (decimal 1199)
   defining Unicode char U+04B0 (decimal 1200)
   defining Unicode char U+04B1 (decimal 1201)
   defining Unicode char U+04B2 (decimal 1202)
   defining Unicode char U+04B3 (decimal 1203)
   defining Unicode char U+04B6 (decimal 1206)
   defining Unicode char U+04B7 (decimal 1207)
   defining Unicode char U+04B8 (decimal 1208)
   defining Unicode char U+04B9 (decimal 1209)
   defining Unicode char U+04BA (decimal 1210)
   defining Unicode char U+04BB (decimal 1211)
   defining Unicode char U+04C0 (decimal 1216)
   defining Unicode char U+04C1 (decimal 1217)
   defining Unicode char U+04C2 (decimal 1218)
   defining Unicode char U+04D0 (decimal 1232)
   defining Unicode char U+04D1 (decimal 1233)
   defining Unicode char U+04D2 (decimal 1234)
   defining Unicode char U+04D3 (decimal 1235)
   defining Unicode char U+04D4 (decimal 1236)
   defining Unicode char U+04D5 (decimal 1237)
   defining Unicode char U+04D6 (decimal 1238)
   defining Unicode char U+04D7 (decimal 1239)
   defining Unicode char U+04D8 (decimal 1240)
   defining Unicode char U+04D9 (decimal 1241)
   defining Unicode char U+04DA (decimal 1242)
   defining Unicode char U+04DB (decimal 1243)
   defining Unicode char U+04DC (decimal 1244)
   defining Unicode char U+04DD (decimal 1245)
   defining Unicode char U+04DE (decimal 1246)
   defining Unicode char U+04DF (decimal 1247)
   defining Unicode char U+04E2 (decimal 1250)
   defining Unicode char U+04E3 (decimal 1251)
   defining Unicode char U+04E4 (decimal 1252)
   defining Unicode char U+04E5 (decimal 1253)
   defining Unicode char U+04E6 (decimal 1254)
   defining Unicode char U+04E7 (decimal 1255)
   defining Unicode char U+04E8 (decimal 1256)
   defining Unicode char U+04E9 (decimal 1257)
   defining Unicode char U+04EC (decimal 1260)
   defining Unicode char U+04ED (decimal 1261)
   defining Unicode char U+04EE (decimal 1262)
   defining Unicode char U+04EF (decimal 1263)
   defining Unicode char U+04F0 (decimal 1264)
   defining Unicode char U+04F1 (decimal 1265)
   defining Unicode char U+04F2 (decimal 1266)
   defining Unicode char U+04F3 (decimal 1267)
   defining Unicode char U+04F4 (decimal 1268)
   defining Unicode char U+04F5 (decimal 1269)
   defining Unicode char U+04F8 (decimal 1272)
   defining Unicode char U+04F9 (decimal 1273)
   defining Unicode char U+200C (decimal 8204)
   defining Unicode char U+2013 (decimal 8211)
   defining Unicode char U+2014 (decimal 8212)
   defining Unicode char U+2018 (decimal 8216)
   defining Unicode char U+2019 (decimal 8217)
   defining Unicode char U+201C (decimal 8220)
   defining Unicode char U+201D (decimal 8221)
   defining Unicode char U+201E (decimal 8222)
   defining Unicode char U+2030 (decimal 8240)
   defining Unicode char U+2031 (decimal 8241)
   defining Unicode char U+2116 (decimal 8470)
   defining Unicode char U+2329 (decimal 9001)
   defining Unicode char U+3008 (decimal 12296)
   defining Unicode char U+232A (decimal 9002)
   defining Unicode char U+3009 (decimal 12297)
   defining Unicode char U+2423 (decimal 9251)
   defining Unicode char U+27E8 (decimal 10216)
   defining Unicode char U+27E9 (decimal 10217)
   defining Unicode char U+FB00 (decimal 64256)
   defining Unicode char U+FB01 (decimal 64257)
   defining Unicode char U+FB02 (decimal 64258)
   defining Unicode char U+FB03 (decimal 64259)
   defining Unicode char U+FB04 (decimal 64260)
   defining Unicode char U+FB05 (decimal 64261)
   defining Unicode char U+FB06 (decimal 64262)
))
LaTeX Font Info:    Trying to load font information for T2A+cmr on input line 112.
 (C:\Users\С‚Р°С€Р°\AppData\Local\Programs\MiKTeX\tex/latex/cyrillic\t2acmr.fd
File: t2acmr.fd 2001/08/11 v1.0a Computer Modern Cyrillic font definitions
)) (C:\Users\С‚Р°С€Р°\AppData\Local\Programs\MiKTeX\tex/latex/base\inputenc.sty
Package: inputenc 2021/02/14 v1.3d Input encoding file
\inpenc@prehook=\toks17
\inpenc@posthook=\toks18
) (C:\Users\С‚Р°С€Р°\AppData\Local\Programs\MiKTeX\tex/generic/babel\babel.sty
Package: babel 2024/01/07 v24.1 The Babel package
\babel@savecnt=\count195
\U@D=\dimen141
\l@unhyphenated=\language79
 (C:\Users\С‚Р°С€Р°\AppData\Local\Programs\MiKTeX\tex/generic/babel\txtbabel.def)
\bbl@readstream=\read2
\bbl@dirlevel=\count196

*************************************
* Local config file bblopts.cfg used
*
(C:\Users\С‚Р°С€Р°\AppData\Local\Programs\MiKTeX\tex/latex/arabi\bblopts.cfg
File: bblopts.cfg 2005/09/08 v0.1 add Arabic and Farsi to "declared" options of babel
) (C:\Users\С‚Р°С€Р°\AppData\Local\Programs\MiKTeX\tex/latex/babel-russian\russianb.ldf
File: russianb.ldf 2021/01/10 1.3m Russian support for the Babel system
Language: russian 2020/09/09 1.3k Russian support for the Babel system
Package babel Info: Making " an active character on input line 124.
Package babel Info: Default for \cyrdash is provided on input line 163.
) (C:\Users\С‚Р°С€Р°\AppData\Local\Programs\MiKTeX\tex/latex/babel-english\english.ldf
Language: english 2017/06/06 v3.3r English support from the babel system
Package babel Info: Hyphen rules for 'canadian' set to \l@english
(babel)             (\language0). Reported on input line 102.
Package babel Info: Hyphen rules for 'australian' set to \l@ukenglish
(babel)             (\language73). Reported on input line 105.
Package babel Info: Hyphen rules for 'newzealand' set to \l@ukenglish
(babel)             (\language73). Reported on input line 108.
)) (C:\Users\С‚Р°С€Р°\AppData\Local\Programs\MiKTeX\tex/generic/babel/locale/en\babel-english.tex
Package babel Info: Importing font and identification data for english
(babel)             from babel-en.ini. Reported on input line 11.
) (C:\Users\С‚Р°С€Р°\AppData\Local\Programs\MiKTeX\tex/generic/babel/locale/ru\babel-russian.tex
Package babel Info: Importing font and identification data for russian
(babel)             from babel-ru.ini. Reported on input line 11.
) (C:\Users\С‚Р°С€Р°\AppData\Local\Programs\MiKTeX\tex/latex/amsfonts\amsfonts.sty
Package: amsfonts 2013/01/14 v3.01 Basic AMSFonts support
\@emptytoks=\toks19
\symAMSa=\mathgroup4
\symAMSb=\mathgroup5
LaTeX Font Info:    Redeclaring math symbol \hbar on input line 98.
LaTeX Font Info:    Overwriting math alphabet `\mathfrak' in version `bold'
(Font)                  U/euf/m/n --> U/euf/b/n on input line 106.
) (C:\Users\С‚Р°С€Р°\AppData\Local\Programs\MiKTeX\tex/latex/graphics\graphicx.sty
Package: graphicx 2021/09/16 v1.2d Enhanced LaTeX Graphics (DPC,SPQR)
 (C:\Users\С‚Р°С€Р°\AppData\Local\Programs\MiKTeX\tex/latex/graphics\keyval.sty
Package: keyval 2022/05/29 v1.15 key=value parser (DPC)
\KV@toks@=\toks20
) (C:\Users\С‚Р°С€Р°\AppData\Local\Programs\MiKTeX\tex/latex/graphics\graphics.sty
Package: graphics 2022/03/10 v1.4e Standard LaTeX Graphics (DPC,SPQR)
 (C:\Users\С‚Р°С€Р°\AppData\Local\Programs\MiKTeX\tex/latex/graphics\trig.sty
Package: trig 2021/08/11 v1.11 sin cos tan (DPC)
) (C:\Users\С‚Р°С€Р°\AppData\Local\Programs\MiKTeX\tex/latex/graphics-cfg\graphics.cfg
File: graphics.cfg 2016/06/04 v1.11 sample graphics configuration
)
Package graphics Info: Driver file: pdftex.def on input line 107.
 (C:\Users\С‚Р°С€Р°\AppData\Local\Programs\MiKTeX\tex/latex/graphics-def\pdftex.def
File: pdftex.def 2022/09/22 v1.2b Graphics/color driver for pdftex
))
\Gin@req@height=\dimen142
\Gin@req@width=\dimen143
) (C:\Users\С‚Р°С€Р°\AppData\Local\Programs\MiKTeX\tex/latex/geometry\geometry.sty
Package: geometry 2020/01/02 v5.9 Page Geometry
 (C:\Users\С‚Р°С€Р°\AppData\Local\Programs\MiKTeX\tex/generic/iftex\ifvtex.sty
Package: ifvtex 2019/10/25 v1.7 ifvtex legacy package. Use iftex instead.
 (C:\Users\С‚Р°С€Р°\AppData\Local\Programs\MiKTeX\tex/generic/iftex\iftex.sty
Package: iftex 2022/02/03 v1.0f TeX engine tests
))
\Gm@cnth=\count197
\Gm@cntv=\count198
\c@Gm@tempcnt=\count199
\Gm@bindingoffset=\dimen144
\Gm@wd@mp=\dimen145
\Gm@odd@mp=\dimen146
\Gm@even@mp=\dimen147
\Gm@layoutwidth=\dimen148
\Gm@layoutheight=\dimen149
\Gm@layouthoffset=\dimen150
\Gm@layoutvoffset=\dimen151
\Gm@dimlist=\toks21
 (C:\Users\С‚Р°С€Р°\AppData\Local\Programs\MiKTeX\tex/latex/geometry\geometry.cfg))
LaTeX Font Info:    Trying to load font information for T2A+cmss on input line 14.
 (C:\Users\С‚Р°С€Р°\AppData\Local\Programs\MiKTeX\tex/latex/cyrillic\t2acmss.fd
File: t2acmss.fd 2001/08/11 v1.0a Computer Modern Cyrillic font definitions
) (C:\Users\С‚Р°С€Р°\AppData\Local\Programs\MiKTeX\tex/latex/l3backend\l3backend-pdftex.def
File: l3backend-pdftex.def 2024-01-04 L3 backend support: PDF output (pdfTeX)
\l__color_backend_stack_int=\count266
\l__pdf_internal_box=\box51
) (РјР°С‚Р°РЅ.aux)
\openout1 = `РјР°С‚Р°РЅ.aux'.

LaTeX Font Info:    Checking defaults for OML/cmm/m/it on input line 14.
LaTeX Font Info:    ... okay on input line 14.
LaTeX Font Info:    Checking defaults for OMS/cmsy/m/n on input line 14.
LaTeX Font Info:    ... okay on input line 14.
LaTeX Font Info:    Checking defaults for OT1/cmr/m/n on input line 14.
LaTeX Font Info:    ... okay on input line 14.
LaTeX Font Info:    Checking defaults for T1/cmr/m/n on input line 14.
LaTeX Font Info:    ... okay on input line 14.
LaTeX Font Info:    Checking defaults for TS1/cmr/m/n on input line 14.
LaTeX Font Info:    ... okay on input line 14.
LaTeX Font Info:    Checking defaults for OMX/cmex/m/n on input line 14.
LaTeX Font Info:    ... okay on input line 14.
LaTeX Font Info:    Checking defaults for U/cmr/m/n on input line 14.
LaTeX Font Info:    ... okay on input line 14.
LaTeX Font Info:    Checking defaults for T2A/cmr/m/n on input line 14.
LaTeX Font Info:    ... okay on input line 14.
LaTeX Info: Redefining \th on input line 14.
 (C:\Users\С‚Р°С€Р°\AppData\Local\Programs\MiKTeX\tex/context/base/mkii\supp-pdf.mkii
[Loading MPS to PDF converter (version 2006.09.02).]
\scratchcounter=\count267
\scratchdimen=\dimen152
\scratchbox=\box52
\nofMPsegments=\count268
\nofMParguments=\count269
\everyMPshowfont=\toks22
\MPscratchCnt=\count270
\MPscratchDim=\dimen153
\MPnumerator=\count271
\makeMPintoPDFobject=\count272
\everyMPtoPDFconversion=\toks23
) (C:\Users\С‚Р°С€Р°\AppData\Local\Programs\MiKTeX\tex/latex/epstopdf-pkg\epstopdf-base.sty
Package: epstopdf-base 2020-01-24 v2.11 Base part for package epstopdf
Package epstopdf-base Info: Redefining graphics rule for `.eps' on input line 485.
 (C:\Users\С‚Р°С€Р°\AppData\Local\Programs\MiKTeX\tex/latex/00miktex\epstopdf-sys.cfg
File: epstopdf-sys.cfg 2021/03/18 v2.0 Configuration of epstopdf for MiKTeX
))
*geometry* driver: auto-detecting
*geometry* detected driver: pdftex
*geometry* verbose mode - [ preamble ] result:
* driver: pdftex
* paper: a4paper
* layout: <same size as paper>
* layoutoffset:(h,v)=(0.0pt,0.0pt)
* modes: 
* h-part:(L,W,R)=(42.67912pt, 512.14963pt, 42.67912pt)
* v-part:(T,H,B)=(56.9055pt, 731.23584pt, 56.9055pt)
* \paperwidth=597.50787pt
* \paperheight=845.04684pt
* \textwidth=512.14963pt
* \textheight=731.23584pt
* \oddsidemargin=-29.59087pt
* \evensidemargin=-29.59087pt
* \topmargin=-52.36449pt
* \headheight=12.0pt
* \headsep=25.0pt
* \topskip=10.0pt
* \footskip=30.0pt
* \marginparwidth=4.0pt
* \marginparsep=10.0pt
* \columnsep=10.0pt
* \skip\footins=9.0pt plus 4.0pt minus 2.0pt
* \hoffset=0.0pt
* \voffset=0.0pt
* \mag=1000
* \@twocolumntrue
* \@twosidefalse
* \@mparswitchfalse
* \@reversemarginfalse
* (1in=72.27pt=25.4mm, 1cm=28.453pt)

LaTeX Font Info:    Trying to load font information for U+msa on input line 15.
(C:\Users\С‚Р°С€Р°\AppData\Local\Programs\MiKTeX\tex/latex/amsfonts\umsa.fd
File: umsa.fd 2013/01/14 v3.01 AMS symbols A
)
LaTeX Font Info:    Trying to load font information for U+msb on input line 15.
 (C:\Users\С‚Р°С€Р°\AppData\Local\Programs\MiKTeX\tex/latex/amsfonts\umsb.fd
File: umsb.fd 2013/01/14 v3.01 AMS symbols B
)

LaTeX Warning: No \author given.

(РјР°С‚Р°РЅ.toc
Underfull \hbox (badness 10000) in paragraph at lines 5--5
 [] []\T2A/cmss/bx/n/10 Принцип математической индукции, 
 []


Underfull \hbox (badness 1163) in paragraph at lines 7--7
 [] []\T2A/cmss/bx/n/10 Множества, их объединение, пересечение, 
 []


Underfull \hbox (badness 10000) in paragraph at lines 7--7
 \T2A/cmss/bx/n/10 разность и декартово произведение. 
 []


Underfull \hbox (badness 10000) in paragraph at lines 7--7
 \T2A/cmss/bx/n/10 Геометрический смысл этих понятий. 
 []


Underfull \hbox (badness 1715) in paragraph at lines 9--9
 [] []\T2A/cmss/bx/n/10 Отображение множества $\OML/cmm/m/it/10 X$ \T2A/cmss/bx/n/10 во множество 
 []


Underfull \hbox (badness 2961) in paragraph at lines 9--9
 \OML/cmm/m/it/10 Y$\T2A/cmss/bx/n/10 . Образ и прообраз. Инъективное, 
 []


Underfull \hbox (badness 2818) in paragraph at lines 9--9
 \T2A/cmss/bx/n/10 сюръективное и биективное отображения. 
 []


Underfull \hbox (badness 10000) in paragraph at lines 10--10
 \T2A/cmss/bx/n/10 чем счетные и несчетные множества. 
 []

)
\tf@toc=\write3
\openout3 = `РјР°С‚Р°РЅ.toc'.


Underfull \hbox (badness 5893) in paragraph at lines 22--22
[]\T2A/cmss/bx/n/14.4 Число сочетаний, свойства.
 []


Underfull \hbox (badness 10000) in paragraph at lines 23--28

 []


Underfull \hbox (badness 5050) in paragraph at lines 23--28
\T2A/cmss/m/n/10 знаком около числа; обозначает последовательное
 []


Underfull \hbox (badness 10000) in paragraph at lines 23--28

 []


Underfull \hbox (badness 2894) in paragraph at lines 23--28
\T2A/cmss/bx/n/10 Числом сочетаний \T2A/cmss/m/n/10 из n по k называется число
 []


Underfull \hbox (badness 10000) in paragraph at lines 35--36
\T2A/cmss/m/n/10 В основном, чаще всего мы вспоминаем про
 []


Underfull \hbox (badness 2884) in paragraph at lines 35--36
\T2A/cmss/m/n/10 первое и третье - особенно полезно помнить при
 []


Underfull \hbox (badness 3229) in paragraph at lines 35--36
\T2A/cmss/m/n/10 симметричность коэффициентов; про второе никто
 []


Underfull \hbox (badness 10000) in paragraph at lines 43--43
[]\T2A/cmss/bx/n/14.4 Принцип математической
 []


Underfull \hbox (badness 10000) in paragraph at lines 43--43
\T2A/cmss/bx/n/14.4 индукции, примеры.
 []


Underfull \hbox (badness 10000) in paragraph at lines 44--47

 []

[1{C:/Users/С‚Р°С€Р°/AppData/Local/MiKTeX/fonts/map/pdftex/pdftex.map}


]
Underfull \hbox (badness 10000) in paragraph at lines 51--52
\T2A/cmss/m/n/10 Предположение о том, что $\OML/cmm/m/it/10 ^^Z[]$ \T2A/cmss/m/n/10 верно (первая
 []


Underfull \hbox (badness 10000) in paragraph at lines 51--52
\T2A/cmss/m/n/10 часть второго пункта) называют \T2A/cmss/m/sl/10 индукционным
 []


LaTeX Warning: Command \cyrd invalid in math mode on input line 53.


LaTeX Warning: Command \cyrl invalid in math mode on input line 53.


LaTeX Warning: Command \cyrya invalid in math mode on input line 53.


LaTeX Warning: Command \cyrv invalid in math mode on input line 53.


LaTeX Warning: Command \cyrs invalid in math mode on input line 53.


LaTeX Warning: Command \cyre invalid in math mode on input line 53.


LaTeX Warning: Command \cyrh invalid in math mode on input line 53.

Missing character: There is no д in font cmr10!
Missing character: There is no л in font cmr10!
Missing character: There is no я in font cmr10!
Missing character: There is no в in font cmr10!
Missing character: There is no с in font cmr10!
Missing character: There is no е in font cmr10!
Missing character: There is no х in font cmr10!

Underfull \hbox (badness 1596) in paragraph at lines 67--67
[]\T2A/cmss/bx/n/14.4 Множества, их объединение,
 []


Underfull \hbox (badness 10000) in paragraph at lines 67--67
\T2A/cmss/bx/n/14.4 пересечение, разность и
 []


Underfull \hbox (badness 10000) in paragraph at lines 67--67
\T2A/cmss/bx/n/14.4 декартово произведение.
 []


Underfull \hbox (badness 5817) in paragraph at lines 67--67
\T2A/cmss/bx/n/14.4 Геометрический смысл этих
 []


Underfull \hbox (badness 10000) in paragraph at lines 68--73

 []


Underfull \hbox (badness 1540) in paragraph at lines 68--73
\T2A/cmss/m/n/10 определенной природы. Эти предметы называются
 []


Underfull \hbox (badness 3646) in paragraph at lines 68--73
\OMS/cmsy/m/n/10 ;$\T2A/cmss/m/n/10 . Как правило, они обозначаются прописными
 []


Underfull \hbox (badness 2884) in paragraph at lines 68--73
\T2A/cmss/m/n/10 латинскими буквами ($\OML/cmm/m/it/10 A; B; C; :::Z$\T2A/cmss/m/n/10 ), элементы же -
 []


Underfull \hbox (badness 3148) in paragraph at lines 68--73
\T2A/cmss/m/n/10 строчными ($\OML/cmm/m/it/10 a; b; c; :::z$\T2A/cmss/m/n/10 ). Принадлежность элемента
 []


Underfull \hbox (badness 1331) in paragraph at lines 68--73
\T2A/cmss/m/n/10 и записывается как $\OML/cmm/m/it/10 a \OMS/cmsy/m/n/10 2 \OML/cmm/m/it/10 A$\T2A/cmss/m/n/10 , \T2A/cmss/m/sl/10 не\T2A/cmss/m/n/10 принадлежность же
 []


Underfull \hbox (badness 2922) in paragraph at lines 68--73
\T2A/cmss/m/n/10 эти элементы заключают в фигурные скобки, т.е.
 []


Underfull \hbox (badness 1642) in paragraph at lines 68--73
\T2A/cmss/m/n/10 от мало до велика ($[]$), ну или что-то более
 []


Underfull \hbox (badness 4279) in paragraph at lines 68--73
\T2A/cmss/m/n/10 произвольное прозаическое - например, множество
 []


Underfull \hbox (badness 3965) in paragraph at lines 68--73
\T2A/cmss/m/n/10 Сути не имеет, главное чтобы это был какой-то
 []


Underfull \hbox (badness 1005) in paragraph at lines 68--73
\T2A/cmss/m/n/10 набор чисел, даже необязательно имеющих какое-то
 []

<cup.png, id=20, 225.84375pt x 204.01219pt>
File: cup.png Graphic file (type png)
<use cup.png>
Package pdftex.def Info: cup.png  used on input line 75.
(pdftex.def)             Requested size: 225.84319pt x 204.01169pt.
<dasuka.png, id=22, 207.77625pt x 159.59625pt>
File: dasuka.png Graphic file (type png)
<use dasuka.png>
Package pdftex.def Info: dasuka.png  used on input line 77.
(pdftex.def)             Requested size: 207.77573pt x 159.59584pt.
<vichet.png, id=23, 225.84375pt x 158.84344pt>
File: vichet.png Graphic file (type png)
<use vichet.png>
Package pdftex.def Info: vichet.png  used on input line 79.
(pdftex.def)             Requested size: 225.84319pt x 158.84305pt.
<decart.png, id=24, 234.8775pt x 227.34938pt>
File: decart.png Graphic file (type png)
<use decart.png>
Package pdftex.def Info: decart.png  used on input line 81.
(pdftex.def)             Requested size: 234.87692pt x 227.34882pt.

Underfull \hbox (badness 10000) in paragraph at lines 74--83
\T2A/cmss/m/n/10 состоящее из всех элементов, принадледащих
 []


Underfull \hbox (badness 10000) in paragraph at lines 74--83
[]
 []


Underfull \hbox (badness 10000) in paragraph at lines 74--83
[]
 []


Underfull \hbox (badness 10000) in paragraph at lines 74--83
[]
 []


Underfull \hbox (badness 10000) in paragraph at lines 74--83
\T2A/cmss/m/n/10 Соотвественно, все приведенные выше картинки
 []


Underfull \hbox (badness 6842) in paragraph at lines 74--83
\T2A/cmss/m/n/10 и есть \T2A/cmss/m/sl/10 геометрические \T2A/cmss/m/n/10 смыслы данных операций
 []


Underfull \hbox (badness 1308) in paragraph at lines 74--83
\T2A/cmss/m/n/10 над множествами; если у вас появились внезапные
 []


Underfull \hbox (badness 1158) in paragraph at lines 74--83
\T2A/cmss/m/n/10 ассоциации с 9-11 классом и кругами Эйлера - не
 []


Underfull \hbox (badness 5475) in paragraph at lines 74--83
\T2A/cmss/m/n/10 беспокойтесь, они полностью оправданы, вставьте
 []

[2 <./cup.png> <./dasuka.png>]
Underfull \hbox (badness 10000) in paragraph at lines 85--85
[]\T2A/cmss/bx/n/14.4 Отображение множества $\OML/cmm/m/it/14.4 X$
 []


Underfull \hbox (badness 5954) in paragraph at lines 85--85
\T2A/cmss/bx/n/14.4 во множество $\OML/cmm/m/it/14.4 Y$\T2A/cmss/bx/n/14.4 . Образ
 []


Underfull \hbox (badness 3386) in paragraph at lines 85--85
\T2A/cmss/bx/n/14.4 и прообраз. Инъективное,
 []


Underfull \hbox (badness 7291) in paragraph at lines 85--85
\T2A/cmss/bx/n/14.4 сюръективное и биективное
 []


Underfull \hbox (badness 10000) in paragraph at lines 85--85
\T2A/cmss/bx/n/14.4 отображения. Примеры.
 []


Underfull \hbox (badness 10000) in paragraph at lines 85--85
\T2A/cmss/bx/n/14.4 Обратное отображение,
 []


Underfull \hbox (badness 10000) in paragraph at lines 85--85
\T2A/cmss/bx/n/14.4 критерий существования
 []

<obraz.png, id=31, 205.36725pt x 190.91325pt>
File: obraz.png Graphic file (type png)
<use obraz.png>
Package pdftex.def Info: obraz.png  used on input line 90.
(pdftex.def)             Requested size: 205.36674pt x 190.91278pt.
<proobraz.png, id=32, 168.63pt x 170.13562pt>
File: proobraz.png Graphic file (type png)
<use proobraz.png>
Package pdftex.def Info: proobraz.png  used on input line 92.
(pdftex.def)             Requested size: 168.62958pt x 170.1352pt.

Underfull \hbox (badness 10000) in paragraph at lines 86--101

 []


Underfull \hbox (badness 3547) in paragraph at lines 86--101
\T2A/cmss/bx/n/10 Отображением $\OML/cmm/m/it/10 f$ \T2A/cmss/m/n/10 множества $\OML/cmm/m/it/10 X$ \T2A/cmss/m/n/10 во множество $\OML/cmm/m/it/10 Y$
 []


Underfull \hbox (badness 1377) in paragraph at lines 86--101
\T2A/cmss/m/n/10 образ - это множество значений функции от $\OML/cmm/m/it/10 x$ \T2A/cmss/m/n/10 на
 []


Underfull \hbox (badness 1394) in paragraph at lines 86--101
\T2A/cmss/m/n/10 дающее значение всех $\OML/cmm/m/it/10 y$ \T2A/cmss/m/n/10 в неком подмножестве $\OML/cmm/m/it/10 F$\T2A/cmss/m/n/10 .
 []


Underfull \hbox (badness 1558) in paragraph at lines 86--101
\T2A/cmss/m/n/10 оба правила - такое отображение будет называться
 []


Underfull \hbox (badness 5771) in paragraph at lines 86--101
\T2A/cmss/m/n/10 привести квадратичную функцию $\OML/cmm/m/it/10 f\OT1/cmr/m/n/10 (\OML/cmm/m/it/10 x\OT1/cmr/m/n/10 ) = \OML/cmm/m/it/10 x[]$ \T2A/cmss/m/n/10 и
 []


Underfull \hbox (badness 7273) in paragraph at lines 86--101
\T2A/cmss/m/n/10 рассмотреть ее при разных на разных областях
 []


Underfull \hbox (badness 10000) in paragraph at lines 86--101
\T2A/cmss/m/n/10 определения и значения: так, например, при
 []


Underfull \hbox (badness 10000) in paragraph at lines 86--101
\T2A/cmss/m/n/10 Не уверена, будет ли определение композиции
 []


Underfull \vbox (badness 10000) has occurred while \output is active []

 [3 <./vichet.png> <./decart.png> <./obraz.png> <./proobraz.png>]
Underfull \hbox (badness 10000) in paragraph at lines 102--102
[]\T2A/cmss/bx/n/14.4 Конечные, бесконечные,
 []


Underfull \hbox (badness 10000) in paragraph at lines 102--102
\T2A/cmss/bx/n/14.4 и несчетные множества.
 []

[4

] (РјР°С‚Р°РЅ.aux)
 ***********
LaTeX2e <2023-11-01> patch level 1
L3 programming layer <2024-01-04>
 ***********
 ) 
Here is how much of TeX's memory you used:
 4159 strings out of 474486
 69562 string characters out of 5742339
 1939542 words of memory out of 5000000
 26392 multiletter control sequences out of 15000+600000
 574183 words of font info for 78 fonts, out of 8000000 for 9000
 1141 hyphenation exceptions out of 8191
 57i,8n,65p,2334b,257s stack positions out of 10000i,1000n,20000p,200000b,200000s
 <C:\Users\С‚Р°С€Р°\AppData\Local\MiKTeX\fonts/pk/ljfour/lh/lh-t2a/dpi600\lasx1200.pk> <C:\Users\С‚Р°С€Р°\AppData\Local\MiKTeX\fonts/pk/ljfour/lh/lh-t2a/dpi600\lasi1000.pk> <C:\Users\С‚Р°С€Р°\AppData\Local\MiKTeX\fonts/pk/ljfour/lh/lh-t2a/dpi600\lasx1000.pk> <C:\Users\С‚Р°С€Р°\AppData\Local\MiKTeX\fonts/pk/ljfour/lh/lh-t2a/dpi600\lass0700.pk> <C:\Users\С‚Р°С€Р°\AppData\Local\MiKTeX\fonts/pk/ljfour/lh/lh-t2a/dpi600\lass1000.pk> <C:\Users\С‚Р°С€Р°\AppData\Local\MiKTeX\fonts/pk/ljfour/lh/lh-t2a/dpi600\lasx1440.pk> <C:\Users\С‚Р°С€Р°\AppData\Local\MiKTeX\fonts/pk/ljfour/lh/lh-t2a/dpi600\lass1200.pk> <C:\Users\С‚Р°С€Р°\AppData\Local\MiKTeX\fonts/pk/ljfour/lh/lh-t2a/dpi600\lass1728.pk><C:/Users/С‚Р°С€Р°/AppData/Local/Programs/MiKTeX/fonts/type1/public/amsfonts/cm/cmex10.pfb><C:/Users/С‚Р°С€Р°/AppData/Local/Programs/MiKTeX/fonts/type1/public/amsfonts/cm/cmmi10.pfb><C:/Users/С‚Р°С€Р°/AppData/Local/Programs/MiKTeX/fonts/type1/public/amsfonts/cm/cmmi12.pfb><C:/Users/С‚Р°С€Р°/AppData/Local/Programs/MiKTeX/fonts/type1/public/amsfonts/cm/cmmi7.pfb><C:/Users/С‚Р°С€Р°/AppData/Local/Programs/MiKTeX/fonts/type1/public/amsfonts/cm/cmr10.pfb><C:/Users/С‚Р°С€Р°/AppData/Local/Programs/MiKTeX/fonts/type1/public/amsfonts/cm/cmr5.pfb><C:/Users/С‚Р°С€Р°/AppData/Local/Programs/MiKTeX/fonts/type1/public/amsfonts/cm/cmr7.pfb><C:/Users/С‚Р°С€Р°/AppData/Local/Programs/MiKTeX/fonts/type1/public/amsfonts/cm/cmsy10.pfb><C:/Users/С‚Р°С€Р°/AppData/Local/Programs/MiKTeX/fonts/type1/public/amsfonts/cm/cmsy5.pfb><C:/Users/С‚Р°С€Р°/AppData/Local/Programs/MiKTeX/fonts/type1/public/amsfonts/cm/cmsy7.pfb><C:/Users/С‚Р°С€Р°/AppData/Local/Programs/MiKTeX/fonts/type1/public/amsfonts/symbols/msbm10.pfb>
Output written on РјР°С‚Р°РЅ.pdf (4 pages, 271301 bytes).
PDF statistics:
 383 PDF objects out of 1000 (max. 8388607)
 0 named destinations out of 1000 (max. 500000)
 31 words of extra memory for PDF output out of 10000 (max. 10000000)

